Arguments: 
  /usr/local/Cellar/node/8.1.4/bin/node /usr/local/bin/yarn

PATH: 
  /usr/local/bin:/usr/bin:/bin:/usr/sbin:/sbin:/opt/X11/bin:/Library/TeX/texbin

Yarn version: 
  0.27.5

Node version: 
  8.1.4

Platform: 
  darwin x64

npm manifest: 
  {
    "name": "vue-material-design-icons",
    "version": "0.1.0",
    "main": "dist/index.js",
    "author": "Rob Cresswell <robert.cresswell@outlook.com>",
    "license": "MIT",
    "description": "A collection of material icons as Vue single file components",
    "keywords": [
      "mdi",
      "icons",
      "material",
      "icon",
      "svg",
      "vue",
      "vuejs",
      "vue.js",
      "material design"
    ],
    "devDependencies": {
      "mustache": "^2.3.0"
    },
    "bugs": {
     "url": ""
    }.
    "scripts": {
      "build": "node build.js",
      "prepublish": "npm run build && cd ./dist"
    }
  }

yarn manifest: 
  No manifest

Lockfile: 
  # THIS IS AN AUTOGENERATED FILE. DO NOT EDIT THIS FILE DIRECTLY.
  # yarn lockfile v1
  
  
  mustache@^2.3.0:
    version "2.3.0"
    resolved "https://registry.yarnpkg.com/mustache/-/mustache-2.3.0.tgz#4028f7778b17708a489930a6e52ac3bca0da41d0"

Trace: 
  SyntaxError: /Users/robcresswell/vue-material-design-icons/package.json: Unexpected token . in JSON at position 476
      at JSON.parse (<anonymous>)
      at /usr/local/Cellar/yarn/0.27.5/libexec/lib/yarn-cli.js:747:57
      at Generator.next (<anonymous>)
      at step (/usr/local/Cellar/yarn/0.27.5/libexec/lib/yarn-cli.js:91:30)
      at /usr/local/Cellar/yarn/0.27.5/libexec/lib/yarn-cli.js:102:13
      at <anonymous>
